0 info it worked if it ends with ok
1 verbose cli [ '/usr/local/bin/node',
1 verbose cli   '/usr/local/lib/node_modules/cnpm/node_modules/.bin/npm',
1 verbose cli   '--userconfig=/Users/fanxinqi/.cnpmrc',
1 verbose cli   '--disturl=https://npm.taobao.org/mirrors/node',
1 verbose cli   '--registry=https://registry.npm.taobao.org',
1 verbose cli   'run',
1 verbose cli   'build' ]
2 info using npm@3.10.10
3 info using node@v8.0.0
4 verbose run-script [ 'prebuild', 'build', 'postbuild' ]
5 info lifecycle viewerjs@0.7.2~prebuild: viewerjs@0.7.2
6 verbose lifecycle viewerjs@0.7.2~prebuild: unsafe-perm in lifecycle true
7 verbose lifecycle viewerjs@0.7.2~prebuild: PATH: /usr/local/lib/node_modules/cnpm/node_modules/npm/bin/node-gyp-bin:/Users/fanxinqi/Documents/GitHub/viewerjs/node_modules/.bin:/usr/local/bin:/usr/bin:/bin:/usr/sbin:/sbin:/Users/fanxinqi/Documents/apache-maven-3.5.0/bin:/usr/local/mysql/bin:/Users/fanxinqi/Documents/apache-maven-3.5.0/bin
8 verbose lifecycle viewerjs@0.7.2~prebuild: CWD: /Users/fanxinqi/Documents/GitHub/viewerjs
9 silly lifecycle viewerjs@0.7.2~prebuild: Args: [ '-c', 'npm run lint' ]
10 silly lifecycle viewerjs@0.7.2~prebuild: Returned: code: 1  signal: null
11 info lifecycle viewerjs@0.7.2~prebuild: Failed to exec prebuild script
12 verbose stack Error: viewerjs@0.7.2 prebuild: `npm run lint`
12 verbose stack Exit status 1
12 verbose stack     at EventEmitter.<anonymous> (/usr/local/lib/node_modules/cnpm/node_modules/npm/lib/utils/lifecycle.js:255:16)
12 verbose stack     at emitTwo (events.js:125:13)
12 verbose stack     at EventEmitter.emit (events.js:213:7)
12 verbose stack     at ChildProcess.<anonymous> (/usr/local/lib/node_modules/cnpm/node_modules/npm/lib/utils/spawn.js:40:14)
12 verbose stack     at emitTwo (events.js:125:13)
12 verbose stack     at ChildProcess.emit (events.js:213:7)
12 verbose stack     at maybeClose (internal/child_process.js:887:16)
12 verbose stack     at Process.ChildProcess._handle.onexit (internal/child_process.js:208:5)
13 verbose pkgid viewerjs@0.7.2
14 verbose cwd /Users/fanxinqi/Documents/GitHub/viewerjs
15 error Darwin 16.7.0
16 error argv "/usr/local/bin/node" "/usr/local/lib/node_modules/cnpm/node_modules/.bin/npm" "--userconfig=/Users/fanxinqi/.cnpmrc" "--disturl=https://npm.taobao.org/mirrors/node" "--registry=https://registry.npm.taobao.org" "run" "build"
17 error node v8.0.0
18 error npm  v3.10.10
19 error code ELIFECYCLE
20 error viewerjs@0.7.2 prebuild: `npm run lint`
20 error Exit status 1
21 error Failed at the viewerjs@0.7.2 prebuild script 'npm run lint'.
21 error Make sure you have the latest version of node.js and npm installed.
21 error If you do, this is most likely a problem with the viewerjs package,
21 error not with npm itself.
21 error Tell the author that this fails on your system:
21 error     npm run lint
21 error You can get information on how to open an issue for this project with:
21 error     npm bugs viewerjs
21 error Or if that isn't available, you can get their info via:
21 error     npm owner ls viewerjs
21 error There is likely additional logging output above.
22 verbose exit [ 1, true ]
